{"/Users/surelissegarra/alchemy/career-track/data-structures-and-algorithms/arrayShift/array-shift.js": {"path":"/Users/surelissegarra/alchemy/career-track/data-structures-and-algorithms/arrayShift/array-shift.js","statementMap":{"0":{"start":{"line":1,"column":10},"end":{"line":1,"column":11}},"1":{"start":{"line":3,"column":25},"end":{"line":7,"column":1}},"2":{"start":{"line":4,"column":1},"end":{"line":4,"column":24}},"3":{"start":{"line":5,"column":0},"end":{"line":5,"column":18}},"4":{"start":{"line":6,"column":0},"end":{"line":6,"column":12}},"5":{"start":{"line":10,"column":0},"end":{"line":12,"column":3}}},"fnMap":{"0":{"name":"(anonymous_0)","decl":{"start":{"line":3,"column":25},"end":{"line":3,"column":26}},"loc":{"start":{"line":3,"column":31},"end":{"line":7,"column":1}},"line":3}},"branchMap":{},"s":{"0":1,"1":1,"2":1,"3":1,"4":1,"5":1},"f":{"0":1},"b":{},"_coverageSchema":"1a1c01bbd47fc00a2c39e90264f33305004495a9","hash":"a25653f248abbe32575e6336ec67c87afe125a04"}
}
