{"/Users/surelissegarra/alchemy/career-track/data-structures-and-algorithms/arrayShift/array-shift.js": {"path":"/Users/surelissegarra/alchemy/career-track/data-structures-and-algorithms/arrayShift/array-shift.js","statementMap":{"0":{"start":{"line":1,"column":12},"end":{"line":1,"column":21}},"1":{"start":{"line":2,"column":13},"end":{"line":2,"column":21}},"2":{"start":{"line":3,"column":0},"end":{"line":3,"column":13}},"3":{"start":{"line":4,"column":0},"end":{"line":4,"column":18}},"4":{"start":{"line":6,"column":0},"end":{"line":9,"column":2}}},"fnMap":{},"branchMap":{},"s":{"0":1,"1":1,"2":1,"3":1,"4":1},"f":{},"b":{},"_coverageSchema":"1a1c01bbd47fc00a2c39e90264f33305004495a9","hash":"bf9981b393c8d4a4b0eab331adc733cd87ea5ff4"}
}
